# JRE version: 7.0_05-b05
# Java VM: Java HotSpot(TM) 64-Bit Server VM (23.1-b03 mixed mode windows-amd64 compressed oops)
Heap
 PSYoungGen      total 165120K, used 117421K [0x00000000f0000000, 0x0000000000000000, 0x0000000000000000)
  eden space 157056K, 74% used [0x00000000f0000000,0x00000000f729b438,0x00000000f9960000)
  from space 8064K, 0% used [0x00000000f9960000,0x00000000f9970000,0x00000000fa140000)
  to   space 8192K, 0% used [0x00000000ff800000,0x00000000ff800000,0x0000000000000000)
 ParOldGen       total 32768K, used 17589K [0x00000000d0000000, 0x00000000d2000000, 0x00000000f0000000)
  object space 32768K, 53% used [0x00000000d0000000,0x00000000d112d558,0x00000000d2000000)
 PSPermGen       total 21248K, used 19724K [0x00000000cae00000, 0x00000000cc2c0000, 0x00000000d0000000)
  object space 21248K, 92% used [0x00000000cae00000,0x00000000cc143018,0x00000000cc2c0000)
GC Heap History (10 events):
Event: 15.602 GC heap before
{Heap before GC invocations=7 (full 0):
 PSYoungGen      total 56448K, used 53411K [0x00000000f0000000, 0x00000000f3f20000, 0x0000000000000000)
  eden space 49152K, 100% used [0x00000000f0000000,0x00000000f3000000,0x00000000f3000000)
  from space 7296K, 58% used [0x00000000f3800000,0x00000000f3c28ca8,0x00000000f3f20000)
  to   space 7744K, 0% used [0x00000000f3000000,0x00000000f3000000,0x00000000f3790000)
 ParOldGen       total 32768K, used 13493K [0x00000000d0000000, 0x00000000d2000000, 0x00000000f0000000)
  object space 32768K, 41% used [0x00000000d0000000,0x00000000d0d2d7b8,0x00000000d2000000)
 PSPermGen       total 21248K, used 18974K [0x00000000cae00000, 0x00000000cc2c0000, 0x00000000d0000000)
  object space 21248K, 89% used [0x00000000cae00000,0x00000000cc087bc8,0x00000000cc2c0000)
Event: 15.642 GC heap after
Heap after GC invocations=7 (full 0):
 PSYoungGen      total 56896K, used 2576K [0x00000000f0000000, 0x00000000f6f40000, 0x0000000000000000)
  eden space 49152K, 0% used [0x00000000f0000000,0x00000000f0000000,0x00000000f3000000)
  from space 7744K, 33% used [0x00000000f3000000,0x00000000f3284058,0x00000000f3790000)
  to   space 7808K, 0% used [0x00000000f67a0000,0x00000000f67a0000,0x00000000f6f40000)
 ParOldGen       total 32768K, used 14627K [0x00000000d0000000, 0x00000000d2000000, 0x00000000f0000000)
  object space 32768K, 44% used [0x00000000d0000000,0x00000000d0e48c80,0x00000000d2000000)
 PSPermGen       total 21248K, used 18974K [0x00000000cae00000, 0x00000000cc2c0000, 0x00000000d0000000)
  object space 21248K, 89% used [0x00000000cae00000,0x00000000cc087bc8,0x00000000cc2c0000)
}
Event: 20.779 GC heap before
{Heap before GC invocations=8 (full 0):
 PSYoungGen      total 56896K, used 51728K [0x00000000f0000000, 0x00000000f6f40000, 0x0000000000000000)
  eden space 49152K, 100% used [0x00000000f0000000,0x00000000f3000000,0x00000000f3000000)
  from space 7744K, 33% used [0x00000000f3000000,0x00000000f3284058,0x00000000f3790000)
  to   space 7808K, 0% used [0x00000000f67a0000,0x00000000f67a0000,0x00000000f6f40000)
 ParOldGen       total 32768K, used 14627K [0x00000000d0000000, 0x00000000d2000000, 0x00000000f0000000)
  object space 32768K, 44% used [0x00000000d0000000,0x00000000d0e48c80,0x00000000d2000000)
 PSPermGen       total 21248K, used 19510K [0x00000000cae00000, 0x00000000cc2c0000, 0x00000000d0000000)
  object space 21248K, 91% used [0x00000000cae00000,0x00000000cc10d8a8,0x00000000cc2c0000)
Event: 20.790 GC heap after
Heap after GC invocations=8 (full 0):
 PSYoungGen      total 105600K, used 3362K [0x00000000f0000000, 0x00000000f6ec0000, 0x0000000000000000)
  eden space 98304K, 0% used [0x00000000f0000000,0x00000000f0000000,0x00000000f6000000)
  from space 7296K, 46% used [0x00000000f67a0000,0x00000000f6ae8b10,0x00000000f6ec0000)
  to   space 7552K, 0% used [0x00000000f6000000,0x00000000f6000000,0x00000000f6760000)
 ParOldGen       total 32768K, used 14683K [0x00000000d0000000, 0x00000000d2000000, 0x00000000f0000000)
  object space 32768K, 44% used [0x00000000d0000000,0x00000000d0e56c80,0x00000000d2000000)
 PSPermGen       total 21248K, used 19510K [0x00000000cae00000, 0x00000000cc2c0000, 0x00000000d0000000)
  object space 21248K, 91% used [0x00000000cae00000,0x00000000cc10d8a8,0x00000000cc2c0000)
}
Event: 33.420 GC heap before
{Heap before GC invocations=9 (full 0):
 PSYoungGen      total 105600K, used 101666K [0x00000000f0000000, 0x00000000f6ec0000, 0x0000000000000000)
  eden space 98304K, 100% used [0x00000000f0000000,0x00000000f6000000,0x00000000f6000000)
  from space 7296K, 46% used [0x00000000f67a0000,0x00000000f6ae8b10,0x00000000f6ec0000)
  to   space 7552K, 0% used [0x00000000f6000000,0x00000000f6000000,0x00000000f6760000)
 ParOldGen       total 32768K, used 14683K [0x00000000d0000000, 0x00000000d2000000, 0x00000000f0000000)
  object space 32768K, 44% used [0x00000000d0000000,0x00000000d0e56c80,0x00000000d2000000)
 PSPermGen       total 21248K, used 19604K [0x00000000cae00000, 0x00000000cc2c0000, 0x00000000d0000000)
  object space 21248K, 92% used [0x00000000cae00000,0x00000000cc1252d8,0x00000000cc2c0000)
Event: 33.434 GC heap after
Heap after GC invocations=9 (full 0):
 PSYoungGen      total 105856K, used 1143K [0x00000000f0000000, 0x00000000fa8e0000, 0x0000000000000000)
  eden space 98304K, 0% used [0x00000000f0000000,0x00000000f0000000,0x00000000f6000000)
  from space 7552K, 15% used [0x00000000f6000000,0x00000000f611df58,0x00000000f6760000)
  to   space 7808K, 0% used [0x00000000fa140000,0x00000000fa140000,0x00000000fa8e0000)
 ParOldGen       total 32768K, used 16478K [0x00000000d0000000, 0x00000000d2000000, 0x00000000f0000000)
  object space 32768K, 50% used [0x00000000d0000000,0x00000000d1017850,0x00000000d2000000)
 PSPermGen       total 21248K, used 19604K [0x00000000cae00000, 0x00000000cc2c0000, 0x00000000d0000000)
  object space 21248K, 92% used [0x00000000cae00000,0x00000000cc1252d8,0x00000000cc2c0000)
}
Event: 35.263 GC heap before
{Heap before GC invocations=10 (full 0):
 PSYoungGen      total 105856K, used 99447K [0x00000000f0000000, 0x00000000fa8e0000, 0x0000000000000000)
  eden space 98304K, 100% used [0x00000000f0000000,0x00000000f6000000,0x00000000f6000000)
  from space 7552K, 15% used [0x00000000f6000000,0x00000000f611df58,0x00000000f6760000)
  to   space 7808K, 0% used [0x00000000fa140000,0x00000000fa140000,0x00000000fa8e0000)
 ParOldGen       total 32768K, used 16478K [0x00000000d0000000, 0x00000000d2000000, 0x00000000f0000000)
  object space 32768K, 50% used [0x00000000d0000000,0x00000000d1017850,0x00000000d2000000)
 PSPermGen       total 21248K, used 19643K [0x00000000cae00000, 0x00000000cc2c0000, 0x00000000d0000000)
  object space 21248K, 92% used [0x00000000cae00000,0x00000000cc12eea8,0x00000000cc2c0000)
Event: 35.268 GC heap after
Heap after GC invocations=10 (full 0):
 PSYoungGen      total 164864K, used 128K [0x00000000f0000000, 0x00000000fa960000, 0x0000000000000000)
  eden space 157056K, 0% used [0x00000000f0000000,0x00000000f0000000,0x00000000f9960000)
  from space 7808K, 1% used [0x00000000fa140000,0x00000000fa160000,0x00000000fa8e0000)
  to   space 8064K, 0% used [0x00000000f9960000,0x00000000f9960000,0x00000000fa140000)
 ParOldGen       total 32768K, used 17493K [0x00000000d0000000, 0x00000000d2000000, 0x00000000f0000000)
  object space 32768K, 53% used [0x00000000d0000000,0x00000000d1115558,0x00000000d2000000)
 PSPermGen       total 21248K, used 19643K [0x00000000cae00000, 0x00000000cc2c0000, 0x00000000d0000000)
  object space 21248K, 92% used [0x00000000cae00000,0x00000000cc12eea8,0x00000000cc2c0000)
}
Event: 38.199 GC heap before
{Heap before GC invocations=11 (full 0):
 PSYoungGen      total 164864K, used 157184K [0x00000000f0000000, 0x00000000fa960000, 0x0000000000000000)
  eden space 157056K, 100% used [0x00000000f0000000,0x00000000f9960000,0x00000000f9960000)
  from space 7808K, 1% used [0x00000000fa140000,0x00000000fa160000,0x00000000fa8e0000)
  to   space 8064K, 0% used [0x00000000f9960000,0x00000000f9960000,0x00000000fa140000)
 ParOldGen       total 32768K, used 17493K [0x00000000d0000000, 0x00000000d2000000, 0x00000000f0000000)
  object space 32768K, 53% used [0x00000000d0000000,0x00000000d1115558,0x00000000d2000000)
 PSPermGen       total 21248K, used 19700K [0x00000000cae00000, 0x00000000cc2c0000, 0x00000000d0000000)
  object space 21248K, 92% used [0x00000000cae00000,0x00000000cc13d228,0x00000000cc2c0000)
Event: 38.200 GC heap after
Heap after GC invocations=11 (full 0):
 PSYoungGen      total 165120K, used 64K [0x00000000f0000000, 0x0000000000000000, 0x0000000000000000)
  eden space 157056K, 0% used [0x00000000f0000000,0x00000000f0000000,0x00000000f9960000)
  from space 8064K, 0% used [0x00000000f9960000,0x00000000f9970000,0x00000000fa140000)
  to   space 8192K, 0% used [0x00000000ff800000,0x00000000ff800000,0x0000000000000000)
 ParOldGen       total 32768K, used 17589K [0x00000000d0000000, 0x00000000d2000000, 0x00000000f0000000)
  object space 32768K, 53% used [0x00000000d0000000,0x00000000d112d558,0x00000000d2000000)
 PSPermGen       total 21248K, used 19700K [0x00000000cae00000, 0x00000000cc2c0000, 0x00000000d0000000)
  object space 21248K, 92% used [0x00000000cae00000,0x00000000cc13d228,0x00000000cc2c0000)
}

